Determining if the pthread_create exist failed with the following output:
Change Dir: /home/olorin/Desktop/ROS/ros_workspace/build/CMakeFiles/CMakeTmp

Run Build Command:"/usr/bin/make" "cmTC_ec2a0/fast"
/usr/bin/make -f CMakeFiles/cmTC_ec2a0.dir/build.make CMakeFiles/cmTC_ec2a0.dir/build
make[1]: Entering directory '/home/olorin/Desktop/ROS/ros_workspace/build/CMakeFiles/CMakeTmp'
Building C object CMakeFiles/cmTC_ec2a0.dir/CheckSymbolExists.c.o
/usr/bin/cc    -o CMakeFiles/cmTC_ec2a0.dir/CheckSymbolExists.c.o   -c /home/olorin/Desktop/ROS/ros_workspace/build/CMakeFiles/CMakeTmp/CheckSymbolExists.c
Linking C executable cmTC_ec2a0
/usr/bin/cmake -E cmake_link_script CMakeFiles/cmTC_ec2a0.dir/link.txt --verbose=1
/usr/bin/cc      -rdynamic CMakeFiles/cmTC_ec2a0.dir/CheckSymbolExists.c.o  -o cmTC_ec2a0 
CMakeFiles/cmTC_ec2a0.dir/CheckSymbolExists.c.o: In function `main':
CheckSymbolExists.c:(.text+0x1b): undefined reference to `pthread_create'
collect2: error: ld returned 1 exit status
CMakeFiles/cmTC_ec2a0.dir/build.make:97: recipe for target 'cmTC_ec2a0' failed
make[1]: *** [cmTC_ec2a0] Error 1
make[1]: Leaving directory '/home/olorin/Desktop/ROS/ros_workspace/build/CMakeFiles/CMakeTmp'
Makefile:126: recipe for target 'cmTC_ec2a0/fast' failed
make: *** [cmTC_ec2a0/fast] Error 2

File /home/olorin/Desktop/ROS/ros_workspace/build/CMakeFiles/CMakeTmp/CheckSymbolExists.c:
/* */
#include <pthread.h>

int main(int argc, char** argv)
{
  (void)argv;
#ifndef pthread_create
  return ((int*)(&pthread_create))[argc];
#else
  (void)argc;
  return 0;
#endif
}

Determining if the function pthread_create exists in the pthreads failed with the following output:
Change Dir: /home/olorin/Desktop/ROS/ros_workspace/build/CMakeFiles/CMakeTmp

Run Build Command:"/usr/bin/make" "cmTC_cec00/fast"
/usr/bin/make -f CMakeFiles/cmTC_cec00.dir/build.make CMakeFiles/cmTC_cec00.dir/build
make[1]: Entering directory '/home/olorin/Desktop/ROS/ros_workspace/build/CMakeFiles/CMakeTmp'
Building C object CMakeFiles/cmTC_cec00.dir/CheckFunctionExists.c.o
/usr/bin/cc   -DCHECK_FUNCTION_EXISTS=pthread_create   -o CMakeFiles/cmTC_cec00.dir/CheckFunctionExists.c.o   -c /usr/share/cmake-3.10/Modules/CheckFunctionExists.c
Linking C executable cmTC_cec00
/usr/bin/cmake -E cmake_link_script CMakeFiles/cmTC_cec00.dir/link.txt --verbose=1
/usr/bin/cc  -DCHECK_FUNCTION_EXISTS=pthread_create    -rdynamic CMakeFiles/cmTC_cec00.dir/CheckFunctionExists.c.o  -o cmTC_cec00 -lpthreads 
/usr/bin/ld: cannot find -lpthreads
collect2: error: ld returned 1 exit status
CMakeFiles/cmTC_cec00.dir/build.make:97: recipe for target 'cmTC_cec00' failed
make[1]: *** [cmTC_cec00] Error 1
make[1]: Leaving directory '/home/olorin/Desktop/ROS/ros_workspace/build/CMakeFiles/CMakeTmp'
Makefile:126: recipe for target 'cmTC_cec00/fast' failed
make: *** [cmTC_cec00/fast] Error 2


